<?xml version="1.0" encoding="UTF-8"?>
<Site BuildName="(empty)"
	BuildStamp="20250406-1303-Experimental"
	Name="(empty)"
	Generator="ctest-3.22.1"
	CompilerName=""
	CompilerVersion=""
	OSName="Linux"
	Hostname="denis-Vivobook-ASUSLaptop-M1402IA-M1402IA"
	OSRelease="6.8.0-57-generic"
	OSVersion="#59~22.04.1-Ubuntu SMP PREEMPT_DYNAMIC Wed Mar 19 17:07:41 UTC 2"
	OSPlatform="x86_64"
	Is64Bits="1"
	VendorString="AuthenticAMD"
	VendorID="Advanced Micro Devices"
	FamilyID="23"
	ModelID="96"
	ProcessorCacheSize="512"
	NumberOfLogicalCPU="16"
	NumberOfPhysicalCPU="8"
	TotalVirtualMemory="0"
	TotalPhysicalMemory="15404"
	LogicalProcessorsPerPhysical="2"
	ProcessorClockFrequency="1397.31"
	>
	<Testing>
		<StartDateTime>Apr 07 00:48 MSK</StartDateTime>
		<StartTestTime>1743976103</StartTestTime>
		<TestList/>
		<EndDateTime>Apr 07 00:48 MSK</EndDateTime>
		<EndTestTime>1743976103</EndTestTime>
		<ElapsedMinutes>0</ElapsedMinutes>
	</Testing>
</Site>
